<?xml version="1.0" encoding="utf-8"?>
<android.support.constraint.ConstraintLayout xmlns:android="http://schemas.android.com/apk/res/android"
    xmlns:app="http://schemas.android.com/apk/res-auto"
    xmlns:tools="http://schemas.android.com/tools"
    android:orientation="vertical"
    android:layout_width="match_parent"
    android:layout_height="match_parent">

    <Button
        android:id="@+id/resultsBTN"
        android:layout_width="195dp"
        android:layout_height="68dp"
        android:text="Konec testu"
        android:textSize="18sp"
        android:textStyle="bold"
        app:layout_constraintBottom_toBottomOf="parent"
        app:layout_constraintLeft_toLeftOf="parent"
        app:layout_constraintRight_toRightOf="parent"
        app:layout_constraintTop_toBottomOf="@+id/resultsTV" />

    <TextView
        android:id="@+id/resultsTV"
        android:layout_width="277dp"
        android:layout_height="108dp"
        android:text="TextView"
        android:textColor="@color/black"
        android:textSize="18sp"
        android:textStyle="bold"
        app:layout_constraintBottom_toTopOf="@+id/resultsBTN"
        app:layout_constraintLeft_toLeftOf="parent"
        app:layout_constraintRight_toRightOf="parent"
        app:layout_constraintTop_toTopOf="parent" />
</android.support.constraint.ConstraintLayout>